2013-03-30T20:02:43.229Z - info: Nudge id not found in nudge response message!
2013-03-30T20:02:43.240Z - info: Nudge id not found in the database!
2013-03-30T20:08:35.302Z - info: Nudge id not found in nudge response message!
2013-03-30T20:08:35.303Z - info: Nudge id not found in nudge response message!
2013-03-30T20:09:35.356Z - info: Nudge id not found in nudge response message!
2013-03-30T20:09:35.357Z - info: Nudge id not found in nudge response message!
2013-03-30T20:10:21.945Z - info: Nudge id not found in nudge response message!
2013-03-30T20:10:21.957Z - info: Nudge id not found in the database!
2013-03-30T20:21:14.070Z - info: Nudge id not found in nudge response message!
2013-03-30T20:21:14.083Z - info: Nudge id not found in the database!
2013-03-30T20:22:24.945Z - info: Nudge id not found in nudge response message!
2013-03-30T20:22:24.956Z - info: Nudge id not found in the database!
2013-03-30T20:22:49.040Z - info: Nudge id not found in nudge response message!
2013-03-30T20:22:49.044Z - info: Nudge id not found in nudge response message!
2013-03-30T20:22:49.050Z - info: Nudge id not found in the database!
2013-03-30T20:25:19.500Z - info: Nudge saved
2013-03-30T20:25:20.502Z - info: Nudge sent to rick.walsh@gmail.com
2013-03-30T20:25:20.963Z - info: Nudge id not found in nudge response message!
2013-03-30T20:25:20.968Z - info: Nudge id not found in nudge response message!
2013-03-30T20:25:20.976Z - info: Nudge id not found in the database!
2013-03-30T20:28:48.527Z - info: Nudge saved
2013-03-30T20:28:49.530Z - info: Nudge sent to rick.walsh@gmail.com
2013-03-30T20:28:49.934Z - info: Nudge id not found in nudge response message!
2013-03-30T20:28:49.940Z - info: Nudge id not found in nudge response message!
2013-03-30T20:28:49.944Z - info: Nudge id not found in the database!
2013-03-30T20:32:28.295Z - info: Nudge saved
2013-03-30T20:32:29.793Z - info: Nudge id not found in nudge response message!
2013-03-30T20:32:29.799Z - info: Nudge id not found in nudge response message!
2013-03-30T20:32:29.810Z - info: Nudge id not found in the database!
2013-03-30T20:32:30.400Z - info: Nudge sent to rick.walsh@gmail.com
2013-03-30T20:32:50.334Z - info: Nudge saved
2013-03-30T20:32:51.971Z - info: Nudge sent to rick.walsh@gmail.com
2013-03-30T20:32:52.009Z - info: Nudge id not found in nudge response message!
2013-03-30T20:32:52.012Z - info: Nudge id not found in nudge response message!
2013-03-30T20:32:52.014Z - info: Nudge id not found in the database!
2013-03-30T20:34:27.470Z - info: Nudge id not found in nudge response message!
2013-03-30T20:34:27.473Z - info: Nudge id not found in nudge response message!
2013-03-30T20:34:27.482Z - info: Nudge id not found in the database!
2013-03-30T20:40:50.135Z - info: Connected to INBOX
2013-03-30T20:41:34.270Z - info: Connected to INBOX
2013-03-30T20:41:34.854Z - info: Found message
2013-03-31T14:25:50.437Z - info: Connected to INBOX
2013-03-31T14:25:50.945Z - info: Found message
2013-03-31T14:28:01.623Z - info: Connected to INBOX
2013-03-31T14:28:01.937Z - info: Found message
2013-03-31T14:33:36.201Z - info: Connected to INBOX
2013-03-31T14:33:36.595Z - info: Found message
2013-03-31T14:34:01.755Z - info: Connected to INBOX
2013-03-31T14:34:02.072Z - info: Found message
2013-03-31T14:34:25.863Z - info: Connected to INBOX
2013-03-31T14:34:26.259Z - info: Found message
2013-03-31T14:35:14.122Z - info: Connected to INBOX
2013-03-31T14:35:14.489Z - info: Found message
2013-03-31T14:37:44.519Z - info: Connected to INBOX
2013-03-31T14:37:44.825Z - info: Found message
2013-03-31T14:38:19.429Z - info: Connected to INBOX
2013-03-31T14:38:19.755Z - info: Found message
2013-03-31T14:39:08.190Z - info: Connected to INBOX
2013-03-31T14:39:08.591Z - info: Found message
2013-03-31T14:42:12.725Z - info: Connected to INBOX
2013-03-31T14:42:13.026Z - info: Found message
2013-03-31T14:42:55.224Z - info: Connected to INBOX
2013-03-31T14:42:55.531Z - info: Found message
2013-03-31T14:43:31.713Z - info: Connected to INBOX
2013-03-31T14:43:32.044Z - info: Found message
2013-03-31T14:45:36.125Z - info: Connected to INBOX
2013-03-31T14:45:36.439Z - info: Found message
2013-03-31T14:46:45.748Z - info: Connected to INBOX
2013-03-31T14:46:46.053Z - info: Found message
2013-03-31T14:47:03.707Z - info: connected
2013-03-31T14:47:32.944Z - info: connected
2013-03-31T14:47:34.165Z - info: Connected to INBOX
2013-03-31T14:47:34.475Z - info: Found message
2013-03-31T14:47:49.229Z - info: connected
2013-03-31T14:47:50.330Z - info: Connected to INBOX
2013-03-31T14:47:50.638Z - info: Found message
2013-03-31T14:49:13.913Z - info: connected
2013-03-31T14:49:15.459Z - info: Connected to INBOX
2013-03-31T14:49:15.764Z - info: Found message
2013-03-31T14:51:02.654Z - info: err
2013-03-31T18:32:10.334Z - info: err
2013-03-31T18:40:35.205Z - info: connected
2013-03-31T18:40:36.746Z - info: Connected to INBOX
2013-03-31T18:40:37.101Z - info: Found message
2013-04-03T12:48:19.126Z - info: {}
2013-04-03T12:51:23.453Z - info: connected
2013-04-03T12:52:38.929Z - info: connected
2013-04-03T12:58:05.968Z - info: connected
2013-04-03T13:01:38.466Z - info: connected
2013-04-03T13:56:38.715Z - info: connected
